Copyright 1986-2019 Xilinx, Inc. All Rights Reserved.
--------------------------------------------------------------------------------------
| Tool Version : Vivado v.2019.1.3 (lin64) Build 2644227 Wed Sep  4 09:44:18 MDT 2019
| Date         : Wed Mar  6 11:05:27 2024
| Host         : Daisy-Host running 64-bit Ubuntu 16.04.7 LTS
| Command      : upgrade_ip
| Device       : xczu17eg-ffvc1760-2-e
--------------------------------------------------------------------------------------

Upgrade Log for IP 'design_1_filter_3_0'

1. Summary
----------

SUCCESS in the upgrade of design_1_filter_3_0 (xilinx.com:hls:filter:1.0) from (Rev. 2102091245) to (Rev. 2103061102)






Copyright 1986-2019 Xilinx, Inc. All Rights Reserved.
--------------------------------------------------------------------------------------
| Tool Version : Vivado v.2019.1.3 (lin64) Build 2644227 Wed Sep  4 09:44:18 MDT 2019
| Date         : Wed Mar  6 11:05:27 2024
| Host         : Daisy-Host running 64-bit Ubuntu 16.04.7 LTS
| Command      : upgrade_ip
| Device       : xczu17eg-ffvc1760-2-e
--------------------------------------------------------------------------------------

Upgrade Log for IP 'design_1_filter_2_0'

1. Summary
----------

SUCCESS in the upgrade of design_1_filter_2_0 (xilinx.com:hls:filter:1.0) from (Rev. 2102091245) to (Rev. 2103061102)






Copyright 1986-2019 Xilinx, Inc. All Rights Reserved.
--------------------------------------------------------------------------------------
| Tool Version : Vivado v.2019.1.3 (lin64) Build 2644227 Wed Sep  4 09:44:18 MDT 2019
| Date         : Wed Mar  6 11:05:27 2024
| Host         : Daisy-Host running 64-bit Ubuntu 16.04.7 LTS
| Command      : upgrade_ip
| Device       : xczu17eg-ffvc1760-2-e
--------------------------------------------------------------------------------------

Upgrade Log for IP 'design_1_filter_1_0'

1. Summary
----------

SUCCESS in the upgrade of design_1_filter_1_0 (xilinx.com:hls:filter:1.0) from (Rev. 2102091245) to (Rev. 2103061102)






Copyright 1986-2019 Xilinx, Inc. All Rights Reserved.
--------------------------------------------------------------------------------------
| Tool Version : Vivado v.2019.1.3 (lin64) Build 2644227 Wed Sep  4 09:44:18 MDT 2019
| Date         : Fri Feb  9 12:46:31 2024
| Host         : Daisy-Host running 64-bit Ubuntu 16.04.7 LTS
| Command      : upgrade_ip
| Device       : xczu17eg-ffvc1760-2-e
--------------------------------------------------------------------------------------

Upgrade Log for IP 'design_1_filter_0_0'

1. Summary
----------

SUCCESS in the upgrade of design_1_filter_0_0 (xilinx.com:hls:filter:1.0) from (Rev. 2101282007) to (Rev. 2102091245)






Copyright 1986-2019 Xilinx, Inc. All Rights Reserved.
--------------------------------------------------------------------------------------
| Tool Version : Vivado v.2019.1.3 (lin64) Build 2644227 Wed Sep  4 09:44:18 MDT 2019
| Date         : Sun Jan 28 20:07:51 2024
| Host         : Daisy-Host running 64-bit Ubuntu 16.04.7 LTS
| Command      : upgrade_ip
| Device       : xczu17eg-ffvc1760-2-e
--------------------------------------------------------------------------------------

Upgrade Log for IP 'design_1_filter_0_0'

1. Summary
----------

SUCCESS in the upgrade of design_1_filter_0_0 (xilinx.com:hls:filter:1.0) from (Rev. 2101281539) to (Rev. 2101282007)






Copyright 1986-2019 Xilinx, Inc. All Rights Reserved.
--------------------------------------------------------------------------------------
| Tool Version : Vivado v.2019.1.3 (lin64) Build 2644227 Wed Sep  4 09:44:18 MDT 2019
| Date         : Sun Jan 28 15:40:44 2024
| Host         : Daisy-Host running 64-bit Ubuntu 16.04.7 LTS
| Command      : upgrade_ip
| Device       : xczu17eg-ffvc1760-2-e
--------------------------------------------------------------------------------------

Upgrade Log for IP 'design_1_filter_0_0'

1. Summary
----------

SUCCESS in the upgrade of design_1_filter_0_0 (xilinx.com:hls:filter:1.0) from (Rev. 2101261410) to (Rev. 2101281539)






Copyright 1986-2019 Xilinx, Inc. All Rights Reserved.
--------------------------------------------------------------------------------------
| Tool Version : Vivado v.2019.1.3 (lin64) Build 2644227 Wed Sep  4 09:44:18 MDT 2019
| Date         : Fri Jan 26 14:12:00 2024
| Host         : Daisy-Host running 64-bit Ubuntu 16.04.7 LTS
| Command      : upgrade_ip
| Device       : xczu17eg-ffvc1760-2-e
--------------------------------------------------------------------------------------

Upgrade Log for IP 'design_1_filter_0_0'

1. Summary
----------

SUCCESS in the upgrade of design_1_filter_0_0 (xilinx.com:hls:filter:1.0) from (Rev. 2101251443) to (Rev. 2101261410)






Copyright 1986-2019 Xilinx, Inc. All Rights Reserved.
--------------------------------------------------------------------------------------
| Tool Version : Vivado v.2019.1.3 (lin64) Build 2644227 Wed Sep  4 09:44:18 MDT 2019
| Date         : Thu Jan 25 15:50:31 2024
| Host         : Daisy-Host running 64-bit Ubuntu 16.04.7 LTS
| Command      : upgrade_ip
| Device       : xczu17eg-ffvc1760-2-e
--------------------------------------------------------------------------------------

Upgrade Log for IP 'design_1_filter_0_0'

1. Summary
----------

SUCCESS in the upgrade of design_1_filter_0_0 (xilinx.com:hls:filter:1.0) from (Rev. 2101091407) to (Rev. 2101251443)






Copyright 1986-2019 Xilinx, Inc. All Rights Reserved.
--------------------------------------------------------------------------------------
| Tool Version : Vivado v.2019.1.3 (lin64) Build 2644227 Wed Sep  4 09:44:18 MDT 2019
| Date         : Mon Jan 16 14:40:21 2023
| Host         : Daisy-Host running 64-bit Ubuntu 16.04.7 LTS
| Command      : upgrade_ip
| Device       : xczu17eg-ffvc1760-2-e
--------------------------------------------------------------------------------------

Upgrade Log for IP 'design_1_xdma_2_0'

1. Summary
----------

SUCCESS in the conversion of design_1_xdma_2_0 (xilinx.com:ip:xdma:4.1 (Rev. 3)) to Vivado generation flows.






Copyright 1986-2019 Xilinx, Inc. All Rights Reserved.
--------------------------------------------------------------------------------------
| Tool Version : Vivado v.2019.1.3 (lin64) Build 2644227 Wed Sep  4 09:44:18 MDT 2019
| Date         : Mon Jan 16 14:40:21 2023
| Host         : Daisy-Host running 64-bit Ubuntu 16.04.7 LTS
| Command      : upgrade_ip
| Device       : xczu17eg-ffvc1760-2-e
--------------------------------------------------------------------------------------

Upgrade Log for IP 'design_1_xdma_1_0'

1. Summary
----------

SUCCESS in the conversion of design_1_xdma_1_0 (xilinx.com:ip:xdma:4.1 (Rev. 3)) to Vivado generation flows.






Copyright 1986-2019 Xilinx, Inc. All Rights Reserved.
--------------------------------------------------------------------------------------
| Tool Version : Vivado v.2019.1.3 (lin64) Build 2644227 Wed Sep  4 09:44:18 MDT 2019
| Date         : Mon Jan 16 14:40:21 2023
| Host         : Daisy-Host running 64-bit Ubuntu 16.04.7 LTS
| Command      : upgrade_ip
| Device       : xczu17eg-ffvc1760-2-e
--------------------------------------------------------------------------------------

Upgrade Log for IP 'design_1_xdma_0_0'

1. Summary
----------

SUCCESS in the conversion of design_1_xdma_0_0 (xilinx.com:ip:xdma:4.1 (Rev. 3)) to Vivado generation flows.






Copyright 1986-2019 Xilinx, Inc. All Rights Reserved.
--------------------------------------------------------------------------------------
| Tool Version : Vivado v.2019.1.3 (lin64) Build 2644227 Wed Sep  4 09:44:18 MDT 2019
| Date         : Mon Jan 16 14:40:21 2023
| Host         : Daisy-Host running 64-bit Ubuntu 16.04.7 LTS
| Command      : upgrade_ip
| Device       : xczu17eg-ffvc1760-2-e
--------------------------------------------------------------------------------------

Upgrade Log for IP 'design_1_ddr4_1_0'

1. Summary
----------

SUCCESS in the conversion of design_1_ddr4_1_0 (xilinx.com:ip:ddr4:2.2 (Rev. 7)) to Vivado generation flows.

2. Warnings
-----------

WARNING: INFO: upgrade from same called







Copyright 1986-2019 Xilinx, Inc. All Rights Reserved.
--------------------------------------------------------------------------------------
| Tool Version : Vivado v.2019.1.3 (lin64) Build 2644227 Wed Sep  4 09:44:18 MDT 2019
| Date         : Mon Jan 16 14:40:21 2023
| Host         : Daisy-Host running 64-bit Ubuntu 16.04.7 LTS
| Command      : upgrade_ip
| Device       : xczu17eg-ffvc1760-2-e
--------------------------------------------------------------------------------------

Upgrade Log for IP 'design_1_ddr4_0_0'

1. Summary
----------

SUCCESS in the conversion of design_1_ddr4_0_0 (xilinx.com:ip:ddr4:2.2 (Rev. 7)) to Vivado generation flows.

2. Warnings
-----------

WARNING: INFO: upgrade from same called


